<?xml version="1.0" encoding="UTF-8" standalone="no"?>
<testsuite failures="1" name="cucumber.runtime.formatter.JUnitFormatter" skipped="0" tests="1" time="2.161009">
    <testcase classname="Free CRM Create Contact" name="User Create Company" time="2.161009">
        <failure message="org.openqa.selenium.SessionNotCreatedException: session not created: This version of ChromeDriver only supports Chrome version 81&#10;Build info: version: '3.141.59', revision: 'e82be7d358', time: '2018-11-14T08:17:03'&#10;System info: host: 'DESKTOP-E9CDLT6', ip: '192.168.1.11', os.name: 'Windows 10', os.arch: 'amd64', os.version: '10.0', java.version: '14'&#10;Driver info: driver.version: ChromeDriver&#10;remote stacktrace: Backtrace:&#10;&#9;Ordinal0 [0x01115F73+2449267]&#10;&#9;Ordinal0 [0x01048361+1606497]&#10;&#9;Ordinal0 [0x00F3F969+522601]&#10;&#9;Ordinal0 [0x00ED05F3+67059]&#10;&#9;Ordinal0 [0x00ECCD92+52626]&#10;&#9;Ordinal0 [0x00EEC127+180519]&#10;&#9;Ordinal0 [0x00EEBF2D+180013]&#10;&#9;Ordinal0 [0x00EE9E5B+171611]&#10;&#9;Ordinal0 [0x00ED1DD8+73176]&#10;&#9;Ordinal0 [0x00ED2E50+77392]&#10;&#9;Ordinal0 [0x00ED2DE9+77289]&#10;&#9;Ordinal0 [0x0105D8D7+1693911]&#10;&#9;GetHandleVerifier [0x011B4036+522726]&#10;&#9;GetHandleVerifier [0x011B3D74+522020]&#10;&#9;GetHandleVerifier [0x011C9187+609079]&#10;&#9;GetHandleVerifier [0x011B48A6+524886]&#10;&#9;Ordinal0 [0x01055CBC+1662140]&#10;&#9;Ordinal0 [0x0105F23B+1700411]&#10;&#9;Ordinal0 [0x0105F3A3+1700771]&#10;&#9;Ordinal0 [0x01075215+1790485]&#10;&#9;BaseThreadInitThunk [0x755A6359+25]&#10;&#9;RtlGetAppContainerNamedObjectPath [0x77037C24+228]&#10;&#9;RtlGetAppContainerNamedObjectPath [0x77037BF4+180]&#10;&#13;&#10;&#9;at java.base/jdk.internal.reflect.NativeConstructorAccessorImpl.newInstance0(Native Method)&#13;&#10;&#9;at java.base/jdk.internal.reflect.NativeConstructorAccessorImpl.newInstance(NativeConstructorAccessorImpl.java:62)&#13;&#10;&#9;at java.base/jdk.internal.reflect.DelegatingConstructorAccessorImpl.newInstance(DelegatingConstructorAccessorImpl.java:45)&#13;&#10;&#9;at java.base/java.lang.reflect.Constructor.newInstanceWithCaller(Constructor.java:500)&#13;&#10;&#9;at java.base/java.lang.reflect.Constructor.newInstance(Constructor.java:481)&#13;&#10;&#9;at org.openqa.selenium.remote.W3CHandshakeResponse.lambda$errorHandler$0(W3CHandshakeResponse.java:62)&#13;&#10;&#9;at org.openqa.selenium.remote.HandshakeResponse.lambda$getResponseFunction$0(HandshakeResponse.java:30)&#13;&#10;&#9;at org.openqa.selenium.remote.ProtocolHandshake.lambda$createSession$0(ProtocolHandshake.java:126)&#13;&#10;&#9;at java.base/java.util.stream.ReferencePipeline$3$1.accept(ReferencePipeline.java:195)&#13;&#10;&#9;at java.base/java.util.Spliterators$ArraySpliterator.tryAdvance(Spliterators.java:958)&#13;&#10;&#9;at java.base/java.util.stream.ReferencePipeline.forEachWithCancel(ReferencePipeline.java:127)&#13;&#10;&#9;at java.base/java.util.stream.AbstractPipeline.copyIntoWithCancel(AbstractPipeline.java:502)&#13;&#10;&#9;at java.base/java.util.stream.AbstractPipeline.copyInto(AbstractPipeline.java:488)&#13;&#10;&#9;at java.base/java.util.stream.AbstractPipeline.wrapAndCopyInto(AbstractPipeline.java:474)&#13;&#10;&#9;at java.base/java.util.stream.FindOps$FindOp.evaluateSequential(FindOps.java:150)&#13;&#10;&#9;at java.base/java.util.stream.AbstractPipeline.evaluate(AbstractPipeline.java:234)&#13;&#10;&#9;at java.base/java.util.stream.ReferencePipeline.findFirst(ReferencePipeline.java:543)&#13;&#10;&#9;at org.openqa.selenium.remote.ProtocolHandshake.createSession(ProtocolHandshake.java:128)&#13;&#10;&#9;at org.openqa.selenium.remote.ProtocolHandshake.createSession(ProtocolHandshake.java:74)&#13;&#10;&#9;at org.openqa.selenium.remote.HttpCommandExecutor.execute(HttpCommandExecutor.java:136)&#13;&#10;&#9;at org.openqa.selenium.remote.service.DriverCommandExecutor.execute(DriverCommandExecutor.java:83)&#13;&#10;&#9;at org.openqa.selenium.remote.RemoteWebDriver.execute(RemoteWebDriver.java:552)&#13;&#10;&#9;at org.openqa.selenium.remote.RemoteWebDriver.startSession(RemoteWebDriver.java:213)&#13;&#10;&#9;at org.openqa.selenium.remote.RemoteWebDriver.&lt;init&gt;(RemoteWebDriver.java:131)&#13;&#10;&#9;at org.openqa.selenium.chrome.ChromeDriver.&lt;init&gt;(ChromeDriver.java:181)&#13;&#10;&#9;at org.openqa.selenium.chrome.ChromeDriver.&lt;init&gt;(ChromeDriver.java:168)&#13;&#10;&#9;at org.openqa.selenium.chrome.ChromeDriver.&lt;init&gt;(ChromeDriver.java:123)&#13;&#10;&#9;at StepDefinition.CRMCreateNewContact.user_alderady_on_login_page(CRMCreateNewContact.java:26)&#13;&#10;&#9;at ✽.Given user is already on Login Page(C:/Users/rites/git/SeleniumTest/AutomationBDD/src/main/java/Features/CRMCreateNewContact.feature:35)&#13;&#10;"><![CDATA[Given user is already on Login Page.........................................failed
When user enter username and password.......................................skipped
Then user clicks on login button............................................skipped
Then user is on home page...................................................skipped
Then user clicks on Companies button........................................skipped
Then user clicks on New button..............................................skipped
Then user enters Company details............................................skipped

StackTrace:
org.openqa.selenium.SessionNotCreatedException: session not created: This version of ChromeDriver only supports Chrome version 81
Build info: version: '3.141.59', revision: 'e82be7d358', time: '2018-11-14T08:17:03'
System info: host: 'DESKTOP-E9CDLT6', ip: '192.168.1.11', os.name: 'Windows 10', os.arch: 'amd64', os.version: '10.0', java.version: '14'
Driver info: driver.version: ChromeDriver
remote stacktrace: Backtrace:
	Ordinal0 [0x01115F73+2449267]
	Ordinal0 [0x01048361+1606497]
	Ordinal0 [0x00F3F969+522601]
	Ordinal0 [0x00ED05F3+67059]
	Ordinal0 [0x00ECCD92+52626]
	Ordinal0 [0x00EEC127+180519]
	Ordinal0 [0x00EEBF2D+180013]
	Ordinal0 [0x00EE9E5B+171611]
	Ordinal0 [0x00ED1DD8+73176]
	Ordinal0 [0x00ED2E50+77392]
	Ordinal0 [0x00ED2DE9+77289]
	Ordinal0 [0x0105D8D7+1693911]
	GetHandleVerifier [0x011B4036+522726]
	GetHandleVerifier [0x011B3D74+522020]
	GetHandleVerifier [0x011C9187+609079]
	GetHandleVerifier [0x011B48A6+524886]
	Ordinal0 [0x01055CBC+1662140]
	Ordinal0 [0x0105F23B+1700411]
	Ordinal0 [0x0105F3A3+1700771]
	Ordinal0 [0x01075215+1790485]
	BaseThreadInitThunk [0x755A6359+25]
	RtlGetAppContainerNamedObjectPath [0x77037C24+228]
	RtlGetAppContainerNamedObjectPath [0x77037BF4+180]

	at java.base/jdk.internal.reflect.NativeConstructorAccessorImpl.newInstance0(Native Method)
	at java.base/jdk.internal.reflect.NativeConstructorAccessorImpl.newInstance(NativeConstructorAccessorImpl.java:62)
	at java.base/jdk.internal.reflect.DelegatingConstructorAccessorImpl.newInstance(DelegatingConstructorAccessorImpl.java:45)
	at java.base/java.lang.reflect.Constructor.newInstanceWithCaller(Constructor.java:500)
	at java.base/java.lang.reflect.Constructor.newInstance(Constructor.java:481)
	at org.openqa.selenium.remote.W3CHandshakeResponse.lambda$errorHandler$0(W3CHandshakeResponse.java:62)
	at org.openqa.selenium.remote.HandshakeResponse.lambda$getResponseFunction$0(HandshakeResponse.java:30)
	at org.openqa.selenium.remote.ProtocolHandshake.lambda$createSession$0(ProtocolHandshake.java:126)
	at java.base/java.util.stream.ReferencePipeline$3$1.accept(ReferencePipeline.java:195)
	at java.base/java.util.Spliterators$ArraySpliterator.tryAdvance(Spliterators.java:958)
	at java.base/java.util.stream.ReferencePipeline.forEachWithCancel(ReferencePipeline.java:127)
	at java.base/java.util.stream.AbstractPipeline.copyIntoWithCancel(AbstractPipeline.java:502)
	at java.base/java.util.stream.AbstractPipeline.copyInto(AbstractPipeline.java:488)
	at java.base/java.util.stream.AbstractPipeline.wrapAndCopyInto(AbstractPipeline.java:474)
	at java.base/java.util.stream.FindOps$FindOp.evaluateSequential(FindOps.java:150)
	at java.base/java.util.stream.AbstractPipeline.evaluate(AbstractPipeline.java:234)
	at java.base/java.util.stream.ReferencePipeline.findFirst(ReferencePipeline.java:543)
	at org.openqa.selenium.remote.ProtocolHandshake.createSession(ProtocolHandshake.java:128)
	at org.openqa.selenium.remote.ProtocolHandshake.createSession(ProtocolHandshake.java:74)
	at org.openqa.selenium.remote.HttpCommandExecutor.execute(HttpCommandExecutor.java:136)
	at org.openqa.selenium.remote.service.DriverCommandExecutor.execute(DriverCommandExecutor.java:83)
	at org.openqa.selenium.remote.RemoteWebDriver.execute(RemoteWebDriver.java:552)
	at org.openqa.selenium.remote.RemoteWebDriver.startSession(RemoteWebDriver.java:213)
	at org.openqa.selenium.remote.RemoteWebDriver.<init>(RemoteWebDriver.java:131)
	at org.openqa.selenium.chrome.ChromeDriver.<init>(ChromeDriver.java:181)
	at org.openqa.selenium.chrome.ChromeDriver.<init>(ChromeDriver.java:168)
	at org.openqa.selenium.chrome.ChromeDriver.<init>(ChromeDriver.java:123)
	at StepDefinition.CRMCreateNewContact.user_alderady_on_login_page(CRMCreateNewContact.java:26)
	at ✽.Given user is already on Login Page(C:/Users/rites/git/SeleniumTest/AutomationBDD/src/main/java/Features/CRMCreateNewContact.feature:35)
]]></failure>
    </testcase>
</testsuite>
